demo_lib/proguard/seeds.txt
com.fanwei.sdk.example.BuildConfig
com.fanwei.sdk.example.BuildConfig: boolean DEBUG
com.fanwei.sdk.example.BuildConfig: BuildConfig()
com.fanwei.sdk.example.MainActivity
com.fanwei.sdk.example.MainActivity: MainActivity()
com.fanwei.sdk.example.MainActivity: void onCreate(android.os.Bundle)
com.fanwei.sdk.example.MainActivity$1
com.fanwei.sdk.example.MainActivity$1: com.fanwei.sdk.example.MainActivity this$0
com.fanwei.sdk.example.MainActivity$1: MainActivity$1(com.fanwei.sdk.example.MainActivity)
com.fanwei.sdk.example.MainActivity$1: void onClick(android.view.View)
com.fanwei.sdk.example.MainActivity$1: com.fanwei.sdk.example.MainActivity access$0(com.fanwei.sdk.example.MainActivity$1)
com.fanwei.sdk.example.MainActivity$1$1
com.fanwei.sdk.example.MainActivity$1$1: com.fanwei.sdk.example.MainActivity$1 this$1
com.fanwei.sdk.example.MainActivity$1$1: MainActivity$1$1(com.fanwei.sdk.example.MainActivity$1)
com.fanwei.sdk.example.MainActivity$1$1: void processResult(int,java.lang.String)
com.fanwei.sdk.example.R
com.fanwei.sdk.example.R: R()
com.fanwei.sdk.example.R$array
com.fanwei.sdk.example.R$array: int fanwei_mobile_amout
com.fanwei.sdk.example.R$array: int fanwei_telecom_amout
com.fanwei.sdk.example.R$array: int fanwei_unicom_amout
com.fanwei.sdk.example.R$array: int launch_list_entries
com.fanwei.sdk.example.R$array: R$array()
com.fanwei.sdk.example.R$attr
com.fanwei.sdk.example.R$attr: R$attr()
com.fanwei.sdk.example.R$color
com.fanwei.sdk.example.R$color: int BgColor
com.fanwei.sdk.example.R$color: int TextColorBlack
com.fanwei.sdk.example.R$color: int TextColorGray
com.fanwei.sdk.example.R$color: int TextColorWhite
com.fanwei.sdk.example.R$color: int ToastBgColor
com.fanwei.sdk.example.R$color: int background_color
com.fanwei.sdk.example.R$color: int bgColor
com.fanwei.sdk.example.R$color: int btnColor
com.fanwei.sdk.example.R$color: int dialog_tiltle_blue
com.fanwei.sdk.example.R$color: int downLoadBackFocus
com.fanwei.sdk.example.R$color: int downLoadBackNomal
com.fanwei.sdk.example.R$color: int downLoadBackPressed
com.fanwei.sdk.example.R$color: int downLoadTextNomal
com.fanwei.sdk.example.R$color: int downLoadTextPressed
com.fanwei.sdk.example.R$color: int fanwei_color_000000
com.fanwei.sdk.example.R$color: int fanwei_color_anshibanhui
com.fanwei.sdk.example.R$color: int fanwei_color_banhui
com.fanwei.sdk.example.R$color: int fanwei_color_chenghong
com.fanwei.sdk.example.R$color: int fanwei_color_danhui
com.fanwei.sdk.example.R$color: int fanwei_color_fenhong
com.fanwei.sdk.example.R$color: int fanwei_color_hongse
com.fanwei.sdk.example.R$color: int fanwei_color_huibai
com.fanwei.sdk.example.R$color: int fanwei_color_lanse
com.fanwei.sdk.example.R$color: int fanwei_color_lvse
com.fanwei.sdk.example.R$color: int fanwei_color_qianhui
com.fanwei.sdk.example.R$color: int fanwei_color_qianlv
com.fanwei.sdk.example.R$color: int fanwei_color_red
...
android.support.v4.app.FragmentActivity$NonConfigurationInstances
android.support.v4.app.FragmentActivity$NonConfigurationInstances: java.lang.Object activity
android.support.v4.app.FragmentActivity$NonConfigurationInstances: java.lang.Object custom
android.support.v4.app.FragmentActivity$NonConfigurationInstances: android.support.v4.util.SimpleArrayMap children
android.support.v4.app.FragmentActivity$NonConfigurationInstances: java.util.ArrayList fragments
android.support.v4.app.FragmentActivity$NonConfigurationInstances: android.support.v4.util.SimpleArrayMap loaders
android.support.v4.app.FragmentActivity$NonConfigurationInstances: FragmentActivity$NonConfigurationInstances()
android.support.v4.app.FragmentContainer
android.support.v4.app.FragmentContainer: android.view.View findViewById(int)
android.support.v4.app.FragmentManager
android.support.v4.app.FragmentManager: int POP_BACK_STACK_INCLUSIVE
android.support.v4.app.FragmentManager: FragmentManager()
android.support.v4.app.FragmentManager: android.support.v4.app.FragmentTransaction beginTransaction()
android.support.v4.app.FragmentManager: android.support.v4.app.FragmentTransaction openTransaction()
android.support.v4.app.FragmentManager: boolean executePendingTransactions()
android.support.v4.app.FragmentManager: android.support.v4.app.Fragment findFragmentById(int)
android.support.v4.app.FragmentManager: android.support.v4.app.Fragment findFragmentByTag(java.lang.String)
android.support.v4.app.FragmentManager: void popBackStack()
android.support.v4.app.FragmentManager: boolean popBackStackImmediate()
android.support.v4.app.FragmentManager: void popBackStack(java.lang.String,int)
android.support.v4.app.FragmentManager: boolean popBackStackImmediate(java.lang.String,int)
android.support.v4.app.FragmentManager: void popBackStack(int,int)
android.support.v4.app.FragmentManager: boolean popBackStackImmediate(int,int)
android.support.v4.app.FragmentManager: int getBackStackEntryCount()
android.support.v4.app.FragmentManager: android.support.v4.app.FragmentManager$BackStackEntry getBackStackEntryAt(int)
android.support.v4.app.FragmentManager: void addOnBackStackChangedListener(android.support.v4.app.FragmentManager$OnBackStackChangedListener)
android.support.v4.app.FragmentManager$BackStackEntry
android.support.v4.app.FragmentManager$BackStackEntry: int getId()
android.support.v4.app.FragmentManager$BackStackEntry: java.lang.String getName()
android.support.v4.app.FragmentManager$BackStackEntry: int getBreadCrumbTitleRes()
android.support.v4.app.FragmentManager$BackStackEntry: int getBreadCrumbShortTitleRes()
android.support.v4.app.FragmentManager$BackStackEntry: java.lang.CharSequence getBreadCrumbTitle()
android.support.v4.app.FragmentManager$BackStackEntry: java.lang.CharSequence getBreadCrumbShortTitle()
android.support.v4.app.FragmentManager$OnBackStackChangedListener
android.support.v4.app.FragmentManager$OnBackStackChangedListener: void onBackStackChanged()