demo_lib/proguard/mapping.txt
com.fanwei.sdk.example.BuildConfig -> com.fanwei.sdk.example.BuildConfig:
    boolean DEBUG -> DEBUG
com.fanwei.sdk.example.MainActivity -> com.fanwei.sdk.example.MainActivity:
    void onCreate(android.os.Bundle) -> onCreate
com.fanwei.sdk.example.MainActivity$1 -> com.fanwei.sdk.example.MainActivity$1:
    com.fanwei.sdk.example.MainActivity this$0 -> this$0
    void onClick(android.view.View) -> onClick
    com.fanwei.sdk.example.MainActivity access$0(com.fanwei.sdk.example.MainActivity$1) -> access$0
com.fanwei.sdk.example.MainActivity$1$1 -> com.fanwei.sdk.example.MainActivity$1$1:
    com.fanwei.sdk.example.MainActivity$1 this$1 -> this$1
    void processResult(int,java.lang.String) -> processResult
com.fanwei.sdk.example.R -> com.fanwei.sdk.example.R:
com.fanwei.sdk.example.R$array -> com.fanwei.sdk.example.R$array:
    int fanwei_mobile_amout -> fanwei_mobile_amout
    int fanwei_telecom_amout -> fanwei_telecom_amout
    int fanwei_unicom_amout -> fanwei_unicom_amout
    int launch_list_entries -> launch_list_entries
com.fanwei.sdk.example.R$attr -> com.fanwei.sdk.example.R$attr:
com.fanwei.sdk.example.R$color -> com.fanwei.sdk.example.R$color:
    int BgColor -> BgColor
    int TextColorBlack -> TextColorBlack
    int TextColorGray -> TextColorGray
    int TextColorWhite -> TextColorWhite
    int ToastBgColor -> ToastBgColor
    int background_color -> background_color
    int bgColor -> bgColor
    int btnColor -> btnColor
    int dialog_tiltle_blue -> dialog_tiltle_blue
    int downLoadBackFocus -> downLoadBackFocus
    int downLoadBackNomal -> downLoadBackNomal
    int downLoadBackPressed -> downLoadBackPressed
    int downLoadTextNomal -> downLoadTextNomal
    int downLoadTextPressed -> downLoadTextPressed
    int fanwei_color_000000 -> fanwei_color_000000
    int fanwei_color_anshibanhui -> fanwei_color_anshibanhui
    int fanwei_color_banhui -> fanwei_color_banhui
    int fanwei_color_chenghong -> fanwei_color_chenghong
    int fanwei_color_danhui -> fanwei_color_danhui
    int fanwei_color_fenhong -> fanwei_color_fenhong
    int fanwei_color_hongse -> fanwei_color_hongse
    int fanwei_color_huibai -> fanwei_color_huibai
    int fanwei_color_lanse -> fanwei_color_lanse
    int fanwei_color_lvse -> fanwei_color_lvse
    int fanwei_color_qianhui -> fanwei_color_qianhui
    int fanwei_color_qianlv -> fanwei_color_qianlv
    int fanwei_color_red -> fanwei_color_red
    int fanwei_color_shenhui -> fanwei_color_shenhui
    int fanwei_color_touming -> fanwei_color_touming
    int secondbtntextColor -> secondbtntextColor
com.fanwei.sdk.example.R$dimen -> com.fanwei.sdk.example.R$dimen:
    int activity_horizontal_margin -> activity_horizontal_margin
    int activity_vertical_margin -> activity_vertical_margin
    int fanwei_10_dp -> fanwei_10_dp
    int fanwei_125_dp -> fanwei_125_dp
    int fanwei_14_dp -> fanwei_14_dp
    int fanwei_15_dp -> fanwei_15_dp
    int fanwei_17_dp -> fanwei_17_dp
    int fanwei_200_dp -> fanwei_200_dp
    int fanwei_20_dp -> fanwei_20_dp
    int fanwei_21_dp -> fanwei_21_dp
    int fanwei_25_dp -> fanwei_25_dp
    int fanwei_2_dp -> fanwei_2_dp
    int fanwei_30_dp -> fanwei_30_dp
    int fanwei_3_dp -> fanwei_3_dp
    int fanwei_40_dp -> fanwei_40_dp
    int fanwei_50_dp -> fanwei_50_dp
    int fanwei_5_dp -> fanwei_5_dp
    int fanwei_60_dp -> fanwei_60_dp
    int fanwei_70_dp -> fanwei_70_dp
    int fanwei_7_dp -> fanwei_7_dp
    int fanwei_8_dp -> fanwei_8_dp
    int fanwei_98_dp -> fanwei_98_dp
    int text_12_size -> text_12_size
    int text_13_size -> text_13_size
    int text_15_size -> text_15_size
    int text_16_size -> text_16_size
    int text_18_size -> text_18_size
    int text_22_size -> text_22_size
    int text_24_size -> text_24_size
    int text_28_size -> text_28_size
    int title_line -> title_line
    int title_text_size -> title_text_size
...
android.support.v4.widget.SlidingPaneLayout$LayoutParams -> android.support.v4.widget.SlidingPaneLayout$LayoutParams:
    int[] ATTRS -> ATTRS
    float weight -> weight
    boolean slideable -> slideable
    boolean dimWhenOffset -> dimWhenOffset
    android.graphics.Paint dimPaint -> dimPaint
android.support.v4.widget.SlidingPaneLayout$PanelSlideListener -> android.support.v4.widget.SlidingPaneLayout$PanelSlideListener:
    void onPanelSlide(android.view.View,float) -> onPanelSlide
    void onPanelOpened(android.view.View) -> onPanelOpened
    void onPanelClosed(android.view.View) -> onPanelClosed
android.support.v4.widget.SlidingPaneLayout$SavedState -> android.support.v4.widget.SlidingPaneLayout$SavedState:
    boolean isOpen -> isOpen
    android.os.Parcelable$Creator CREATOR -> CREATOR
    void writeToParcel(android.os.Parcel,int) -> writeToParcel
android.support.v4.widget.SlidingPaneLayout$SavedState$1 -> android.support.v4.widget.SlidingPaneLayout$SavedState$1:
    android.support.v4.widget.SlidingPaneLayout$SavedState createFromParcel(android.os.Parcel) -> createFromParcel
    android.support.v4.widget.SlidingPaneLayout$SavedState[] newArray(int) -> newArray
    java.lang.Object[] newArray(int) -> newArray
    java.lang.Object createFromParcel(android.os.Parcel) -> createFromParcel
android.support.v4.widget.SlidingPaneLayout$SimplePanelSlideListener -> android.support.v4.widget.SlidingPaneLayout$SimplePanelSlideListener:
    void onPanelSlide(android.view.View,float) -> onPanelSlide
    void onPanelOpened(android.view.View) -> onPanelOpened
    void onPanelClosed(android.view.View) -> onPanelClosed
android.support.v4.widget.SlidingPaneLayout$SlidingPanelLayoutImpl -> android.support.v4.widget.SlidingPaneLayout$SlidingPanelLayoutImpl:
    void invalidateChildRegion(android.support.v4.widget.SlidingPaneLayout,android.view.View) -> invalidateChildRegion
android.support.v4.widget.SlidingPaneLayout$SlidingPanelLayoutImplBase -> android.support.v4.widget.SlidingPaneLayout$SlidingPanelLayoutImplBase:
    void invalidateChildRegion(android.support.v4.widget.SlidingPaneLayout,android.view.View) -> invalidateChildRegion
android.support.v4.widget.SlidingPaneLayout$SlidingPanelLayoutImplJB -> android.support.v4.widget.SlidingPaneLayout$SlidingPanelLayoutImplJB:
    java.lang.reflect.Method mGetDisplayList -> mGetDisplayList
    java.lang.reflect.Field mRecreateDisplayList -> mRecreateDisplayList
    void invalidateChildRegion(android.support.v4.widget.SlidingPaneLayout,android.view.View) -> invalidateChildRegion
android.support.v4.widget.SlidingPaneLayout$SlidingPanelLayoutImplJBMR1 -> android.support.v4.widget.SlidingPaneLayout$SlidingPanelLayoutImplJBMR1:
    void invalidateChildRegion(android.support.v4.widget.SlidingPaneLayout,android.view.View) -> invalidateChildRegion