demo_lib/proguard/usage.txt
com.alipay.apmobilesecuritysdk.face.a:
    private java.lang.String a()
    private com.alipay.apmobilesecuritysdk.face.a$c b()
com.alipay.apmobilesecuritysdk.face.a$a:
    public abstract void a()
com.alipay.apmobilesecuritysdk.face.a$b:
    private void a()
com.alipay.apmobilesecuritysdk.face.d
com.alipay.apmobilesecuritysdk.face.e:
    public e()
com.alipay.mobile.framework.service.annotation.c
com.alipay.mobilesecuritysdk.face.a:
    public a()
com.alipay.sdk.a
com.alipay.sdk.app.AuthTask:
    private static final int b
    private android.app.Activity c
    private com.alipay.sdk.widget.a d
    50:55:public AuthTask(android.app.Activity)
    65:65:private com.alipay.sdk.util.e$a a()
    75:78:private void b()
    81:84:private void c()
    87:102:public synchronized java.lang.String auth(java.lang.String,boolean)
    106:119:private java.lang.String a(android.app.Activity,java.lang.String)
    124:154:private java.lang.String b(android.app.Activity,java.lang.String)
    158:180:private java.lang.String a(com.alipay.sdk.protocol.b)
    185:196:private static boolean a(android.content.Context)
    41:41:static synthetic void a(com.alipay.sdk.app.AuthTask)
com.alipay.sdk.app.PayTask:
    93:204:public synchronized java.lang.String fetchOrderInfoFromH5PayUrl(java.lang.String)
    247:267:private static varargs boolean a(boolean,boolean,java.lang.String,java.lang.StringBuilder,java.util.Map,java.lang.String[])
    277:350:public synchronized com.alipay.sdk.util.H5PayResultModel h5Pay(java.lang.String,boolean)
    356:357:private static java.lang.String a(java.lang.String,java.lang.String)
    368:368:private com.alipay.sdk.util.e$a a()
    395:404:private static java.lang.String a(java.lang.String)
    447:447:public java.lang.String getVersion()
com.alipay.sdk.app.PayTask$a
com.alipay.sdk.app.a
com.alipay.sdk.app.b:
    97:100:private void b()
com.alipay.sdk.app.h:
    10:10:public h()
    15:16:private static void a(java.lang.String)
    19:19:private static java.lang.String b()
    28:29:private static java.lang.String c()
    33:35:private static java.lang.String d()
com.alipay.sdk.app.i:
    28:29:private void b(int)
    36:37:private void a(java.lang.String)
com.alipay.sdk.app.statistic.a:
    public static final java.lang.String a
    12:12:public a()
    25:55:private static void b(android.content.Context,java.lang.String)
com.alipay.sdk.app.statistic.c:
    public static final java.lang.String a
    public static final java.lang.String b
    public static final java.lang.String c
    public static final java.lang.String d
    public static final java.lang.String e
    public static final java.lang.String f
    public static final java.lang.String g
    public static final java.lang.String h
    public static final java.lang.String i
    public static final java.lang.String j
    public static final java.lang.String k
    public static final java.lang.String l
    public static final java.lang.String m
    public static final java.lang.String n
    public static final java.lang.String o
    public static final java.lang.String p
    74:74:private boolean a()
    122:126:private java.lang.String b(java.lang.String)
    133:135:private static java.lang.String b()
    140:162:private static java.lang.String c(java.lang.String)
    185:189:private static java.lang.String c()
    195:197:private static java.lang.String d()
    202:211:private static java.lang.String b(android.content.Context)
com.alipay.sdk.auth.APAuthInfo
com.alipay.sdk.auth.AlipaySDK
com.alipay.sdk.auth.AuthActivity:
    static final java.lang.String a
    static final java.lang.String b
    301:315:private boolean a(java.lang.String)
    319:328:private void b(java.lang.String)
    332:355:private void a(com.alipay.sdk.authjs.a)
    369:376:private void a()
    379:383:private void b()